[2017-07-12 13:26:19] local.ERROR: Symfony\Component\Console\Exception\CommandNotFoundException: There are no commands defined in the "migration" namespace.

Did you mean this?
    migrate in /home/pablo/desarrollo/laravel-projects/gyb-website/vendor/symfony/console/Application.php:510
Stack trace:
#0 /home/pablo/desarrollo/laravel-projects/gyb-website/vendor/symfony/console/Application.php(542): Symfony\Component\Console\Application->findNamespace('migration')
#1 /home/pablo/desarrollo/laravel-projects/gyb-website/vendor/symfony/console/Application.php(197): Symfony\Component\Console\Application->find('migration:rollb...')
#2 /home/pablo/desarrollo/laravel-projects/gyb-website/vendor/symfony/console/Application.php(124): Symfony\Component\Console\Application->doRun(Object(Symfony\Component\Console\Input\ArgvInput), Object(Symfony\Component\Console\Output\ConsoleOutput))
#3 /home/pablo/desarrollo/laravel-projects/gyb-website/vendor/laravel/framework/src/Illuminate/Foundation/Console/Kernel.php(122): Symfony\Component\Console\Application->run(Object(Symfony\Component\Console\Input\ArgvInput), Object(Symfony\Component\Console\Output\ConsoleOutput))
#4 /home/pablo/desarrollo/laravel-projects/gyb-website/artisan(35): Illuminate\Foundation\Console\Kernel->handle(Object(Symfony\Component\Console\Input\ArgvInput), Object(Symfony\Component\Console\Output\ConsoleOutput))
#5 {main}  
[2017-07-12 13:26:25] local.ERROR: PDOException: SQLSTATE[HY000] [1045] Access denied for user 'homestead'@'localhost' (using password: YES) in /home/pablo/desarrollo/laravel-projects/gyb-website/vendor/laravel/framework/src/Illuminate/Database/Connectors/Connector.php:68
Stack trace:
#0 /home/pablo/desarrollo/laravel-projects/gyb-website/vendor/laravel/framework/src/Illuminate/Database/Connectors/Connector.php(68): PDO->__construct('mysql:host=127....', 'homestead', 'secret', Array)
#1 /home/pablo/desarrollo/laravel-projects/gyb-website/vendor/laravel/framework/src/Illuminate/Database/Connectors/Connector.php(43): Illuminate\Database\Connectors\Connector->createPdoConnection('mysql:host=127....', 'homestead', 'secret', Array)
#2 /home/pablo/desarrollo/laravel-projects/gyb-website/vendor/laravel/framework/src/Illuminate/Database/Connectors/MySqlConnector.php(24): Illuminate\Database\Connectors\Connector->createConnection('mysql:host=127....', Array, Array)
#3 /home/pablo/desarrollo/laravel-projects/gyb-website/vendor/laravel/framework/src/Illuminate/Database/Connectors/ConnectionFactory.php(183): Illuminate\Database\Connectors\MySqlConnector->connect(Array)
#4 [internal function]: Illuminate\Database\Connectors\ConnectionFactory->Illuminate\Database\Connectors\{closure}()
#5 /home/pablo/desarrollo/laravel-projects/gyb-website/vendor/laravel/framework/src/Illuminate/Database/Connection.php(882): call_user_func(Object(Closure))
#6 /home/pablo/desarrollo/laravel-projects/gyb-website/vendor/laravel/framework/src/Illuminate/Database/Connection.php(392): Illuminate\Database\Connection->getPdo()
#7 /home/pablo/desarrollo/laravel-projects/gyb-website/vendor/laravel/framework/src/Illuminate/Database/Connection.php(318): Illuminate\Database\Connection->getPdoForSelect(false)
#8 /home/pablo/desarrollo/laravel-projects/gyb-website/vendor/laravel/framework/src/Illuminate/Database/Connection.php(640): Illuminate\Database\Connection->Illuminate\Database\{closure}('select max(`bat...', Array)
#9 /home/pablo/desarrollo/laravel-projects/gyb-website/vendor/laravel/framework/src/Illuminate/Database/Connection.php(607): Illuminate\Database\Connection->runQueryCallback('select max(`bat...', Array, Object(Closure))
#10 /home/pablo/desarrollo/laravel-projects/gyb-website/vendor/laravel/framework/src/Illuminate/Database/Connection.php(326): Illuminate\Database\Connection->run('select max(`bat...', Array, Object(Closure))
#11 /home/pablo/desarrollo/laravel-projects/gyb-website/vendor/laravel/framework/src/Illuminate/Database/Query/Builder.php(1711): Illuminate\Database\Connection->select('select max(`bat...', Array, false)
#12 /home/pablo/desarrollo/laravel-projects/gyb-website/vendor/laravel/framework/src/Illuminate/Database/Query/Builder.php(1696): Illuminate\Database\Query\Builder->runSelect()
#13 /home/pablo/desarrollo/laravel-projects/gyb-website/vendor/laravel/framework/src/Illuminate/Database/Query/Builder.php(2031): Illuminate\Database\Query\Builder->get(Array)
#14 /home/pablo/desarrollo/laravel-projects/gyb-website/vendor/laravel/framework/src/Illuminate/Database/Query/Builder.php(1981): Illuminate\Database\Query\Builder->aggregate('max', Array)
#15 /home/pablo/desarrollo/laravel-projects/gyb-website/vendor/laravel/framework/src/Illuminate/Database/Migrations/DatabaseMigrationRepository.php(123): Illuminate\Database\Query\Builder->max('batch')
#16 /home/pablo/desarrollo/laravel-projects/gyb-website/vendor/laravel/framework/src/Illuminate/Database/Migrations/DatabaseMigrationRepository.php(76): Illuminate\Database\Migrations\DatabaseMigrationRepository->getLastBatchNumber()
#17 /home/pablo/desarrollo/laravel-projects/gyb-website/vendor/laravel/framework/src/Illuminate/Database/Migrations/Migrator.php(223): Illuminate\Database\Migrations\DatabaseMigrationRepository->getLast()
#18 /home/pablo/desarrollo/laravel-projects/gyb-website/vendor/laravel/framework/src/Illuminate/Database/Migrations/Migrator.php(201): Illuminate\Database\Migrations\Migrator->getMigrationsForRollback(Array)
#19 /home/pablo/desarrollo/laravel-projects/gyb-website/vendor/laravel/framework/src/Illuminate/Database/Console/Migrations/RollbackCommand.php(63): Illuminate\Database\Migrations\Migrator->rollback(Array, Array)
#20 [internal function]: Illuminate\Database\Console\Migrations\RollbackCommand->fire()
#21 /home/pablo/desarrollo/laravel-projects/gyb-website/vendor/laravel/framework/src/Illuminate/Container/BoundMethod.php(29): call_user_func_array(Array, Array)
#22 /home/pablo/desarrollo/laravel-projects/gyb-website/vendor/laravel/framework/src/Illuminate/Container/BoundMethod.php(87): Illuminate\Container\BoundMethod::Illuminate\Container\{closure}()
#23 /home/pablo/desarrollo/laravel-projects/gyb-website/vendor/laravel/framework/src/Illuminate/Container/BoundMethod.php(31): Illuminate\Container\BoundMethod::callBoundMethod(Object(Illuminate\Foundation\Application), Array, Object(Closure))
#24 /home/pablo/desarrollo/laravel-projects/gyb-website/vendor/laravel/framework/src/Illuminate/Container/Container.php(531): Illuminate\Container\BoundMethod::call(Object(Illuminate\Foundation\Application), Array, Array, NULL)
#25 /home/pablo/desarrollo/laravel-projects/gyb-website/vendor/laravel/framework/src/Illuminate/Console/Command.php(182): Illuminate\Container\Container->call(Array)
#26 /home/pablo/desarrollo/laravel-projects/gyb-website/vendor/symfony/console/Command/Command.php(264): Illuminate\Console\Command->execute(Object(Symfony\Component\Console\Input\ArgvInput), Object(Illuminate\Console\OutputStyle))
#27 /home/pablo/desarrollo/laravel-projects/gyb-website/vendor/laravel/framework/src/Illuminate/Console/Command.php(167): Symfony\Component\Console\Command\Command->run(Object(Symfony\Component\Console\Input\ArgvInput), Object(Illuminate\Console\OutputStyle))
#28 /home/pablo/desarrollo/laravel-projects/gyb-website/vendor/symfony/console/Application.php(835): Illuminate\Console\Command->run(Object(Symfony\Component\Console\Input\ArgvInput), Object(Symfony\Component\Console\Output\ConsoleOutput))
#29 /home/pablo/desarrollo/laravel-projects/gyb-website/vendor/symfony/console/Application.php(200): Symfony\Component\Console\Application->doRunCommand(Object(Illuminate\Database\Console\Migrations\RollbackCommand), Object(Symfony\Component\Console\Input\ArgvInput), Object(Symfony\Component\Console\Output\ConsoleOutput))
#30 /home/pablo/desarrollo/laravel-projects/gyb-website/vendor/symfony/console/Application.php(124): Symfony\Component\Console\Application->doRun(Object(Symfony\Component\Console\Input\ArgvInput), Object(Symfony\Component\Console\Output\ConsoleOutput))
#31 /home/pablo/desarrollo/laravel-projects/gyb-website/vendor/laravel/framework/src/Illuminate/Foundation/Console/Kernel.php(122): Symfony\Component\Console\Application->run(Object(Symfony\Component\Console\Input\ArgvInput), Object(Symfony\Component\Console\Output\ConsoleOutput))
#32 /home/pablo/desarrollo/laravel-projects/gyb-website/artisan(35): Illuminate\Foundation\Console\Kernel->handle(Object(Symfony\Component\Console\Input\ArgvInput), Object(Symfony\Component\Console\Output\ConsoleOutput))
#33 {main}  
[2017-07-12 13:26:25] local.ERROR: PDOException: SQLSTATE[HY000] [1045] Access denied for user 'homestead'@'localhost' (using password: YES) in /home/pablo/desarrollo/laravel-projects/gyb-website/vendor/laravel/framework/src/Illuminate/Database/Connectors/Connector.php:68
Stack trace:
#0 /home/pablo/desarrollo/laravel-projects/gyb-website/vendor/laravel/framework/src/Illuminate/Database/Connectors/Connector.php(68): PDO->__construct('mysql:host=127....', 'homestead', 'secret', Array)
#1 /home/pablo/desarrollo/laravel-projects/gyb-website/vendor/laravel/framework/src/Illuminate/Database/Connectors/Connector.php(43): Illuminate\Database\Connectors\Connector->createPdoConnection('mysql:host=127....', 'homestead', 'secret', Array)
#2 /home/pablo/desarrollo/laravel-projects/gyb-website/vendor/laravel/framework/src/Illuminate/Database/Connectors/MySqlConnector.php(24): Illuminate\Database\Connectors\Connector->createConnection('mysql:host=127....', Array, Array)
#3 /home/pablo/desarrollo/laravel-projects/gyb-website/vendor/laravel/framework/src/Illuminate/Database/Connectors/ConnectionFactory.php(183): Illuminate\Database\Connectors\MySqlConnector->connect(Array)
#4 [internal function]: Illuminate\Database\Connectors\ConnectionFactory->Illuminate\Database\Connectors\{closure}()
#5 /home/pablo/desarrollo/laravel-projects/gyb-website/vendor/laravel/framework/src/Illuminate/Database/Connection.php(882): call_user_func(Object(Closure))
#6 /home/pablo/desarrollo/laravel-projects/gyb-website/vendor/laravel/framework/src/Illuminate/Database/Connection.php(392): Illuminate\Database\Connection->getPdo()
#7 /home/pablo/desarrollo/laravel-projects/gyb-website/vendor/laravel/framework/src/Illuminate/Database/Connection.php(318): Illuminate\Database\Connection->getPdoForSelect(false)
#8 /home/pablo/desarrollo/laravel-projects/gyb-website/vendor/laravel/framework/src/Illuminate/Database/Connection.php(640): Illuminate\Database\Connection->Illuminate\Database\{closure}('select max(`bat...', Array)
#9 /home/pablo/desarrollo/laravel-projects/gyb-website/vendor/laravel/framework/src/Illuminate/Database/Connection.php(607): Illuminate\Database\Connection->runQueryCallback('select max(`bat...', Array, Object(Closure))
#10 /home/pablo/desarrollo/laravel-projects/gyb-website/vendor/laravel/framework/src/Illuminate/Database/Connection.php(326): Illuminate\Database\Connection->run('select max(`bat...', Array, Object(Closure))
#11 /home/pablo/desarrollo/laravel-projects/gyb-website/vendor/laravel/framework/src/Illuminate/Database/Query/Builder.php(1711): Illuminate\Database\Connection->select('select max(`bat...', Array, false)
#12 /home/pablo/desarrollo/laravel-projects/gyb-website/vendor/laravel/framework/src/Illuminate/Database/Query/Builder.php(1696): Illuminate\Database\Query\Builder->runSelect()
#13 /home/pablo/desarrollo/laravel-projects/gyb-website/vendor/laravel/framework/src/Illuminate/Database/Query/Builder.php(2031): Illuminate\Database\Query\Builder->get(Array)
#14 /home/pablo/desarrollo/laravel-projects/gyb-website/vendor/laravel/framework/src/Illuminate/Database/Query/Builder.php(1981): Illuminate\Database\Query\Builder->aggregate('max', Array)
#15 /home/pablo/desarrollo/laravel-projects/gyb-website/vendor/laravel/framework/src/Illuminate/Database/Migrations/DatabaseMigrationRepository.php(123): Illuminate\Database\Query\Builder->max('batch')
#16 /home/pablo/desarrollo/laravel-projects/gyb-website/vendor/laravel/framework/src/Illuminate/Database/Migrations/DatabaseMigrationRepository.php(76): Illuminate\Database\Migrations\DatabaseMigrationRepository->getLastBatchNumber()
#17 /home/pablo/desarrollo/laravel-projects/gyb-website/vendor/laravel/framework/src/Illuminate/Database/Migrations/Migrator.php(223): Illuminate\Database\Migrations\DatabaseMigrationRepository->getLast()
#18 /home/pablo/desarrollo/laravel-projects/gyb-website/vendor/laravel/framework/src/Illuminate/Database/Migrations/Migrator.php(201): Illuminate\Database\Migrations\Migrator->getMigrationsForRollback(Array)
#19 /home/pablo/desarrollo/laravel-projects/gyb-website/vendor/laravel/framework/src/Illuminate/Database/Console/Migrations/RollbackCommand.php(63): Illuminate\Database\Migrations\Migrator->rollback(Array, Array)
#20 [internal function]: Illuminate\Database\Console\Migrations\RollbackCommand->fire()
#21 /home/pablo/desarrollo/laravel-projects/gyb-website/vendor/laravel/framework/src/Illuminate/Container/BoundMethod.php(29): call_user_func_array(Array, Array)
#22 /home/pablo/desarrollo/laravel-projects/gyb-website/vendor/laravel/framework/src/Illuminate/Container/BoundMethod.php(87): Illuminate\Container\BoundMethod::Illuminate\Container\{closure}()
#23 /home/pablo/desarrollo/laravel-projects/gyb-website/vendor/laravel/framework/src/Illuminate/Container/BoundMethod.php(31): Illuminate\Container\BoundMethod::callBoundMethod(Object(Illuminate\Foundation\Application), Array, Object(Closure))
#24 /home/pablo/desarrollo/laravel-projects/gyb-website/vendor/laravel/framework/src/Illuminate/Container/Container.php(531): Illuminate\Container\BoundMethod::call(Object(Illuminate\Foundation\Application), Array, Array, NULL)
#25 /home/pablo/desarrollo/laravel-projects/gyb-website/vendor/laravel/framework/src/Illuminate/Console/Command.php(182): Illuminate\Container\Container->call(Array)
#26 /home/pablo/desarrollo/laravel-projects/gyb-website/vendor/symfony/console/Command/Command.php(264): Illuminate\Console\Command->execute(Object(Symfony\Component\Console\Input\ArgvInput), Object(Illuminate\Console\OutputStyle))
#27 /home/pablo/desarrollo/laravel-projects/gyb-website/vendor/laravel/framework/src/Illuminate/Console/Command.php(167): Symfony\Component\Console\Command\Command->run(Object(Symfony\Component\Console\Input\ArgvInput), Object(Illuminate\Console\OutputStyle))
#28 /home/pablo/desarrollo/laravel-projects/gyb-website/vendor/symfony/console/Application.php(835): Illuminate\Console\Command->run(Object(Symfony\Component\Console\Input\ArgvInput), Object(Symfony\Component\Console\Output\ConsoleOutput))
#29 /home/pablo/desarrollo/laravel-projects/gyb-website/vendor/symfony/console/Application.php(200): Symfony\Component\Console\Application->doRunCommand(Object(Illuminate\Database\Console\Migrations\RollbackCommand), Object(Symfony\Component\Console\Input\ArgvInput), Object(Symfony\Component\Console\Output\ConsoleOutput))
#30 /home/pablo/desarrollo/laravel-projects/gyb-website/vendor/symfony/console/Application.php(124): Symfony\Component\Console\Application->doRun(Object(Symfony\Component\Console\Input\ArgvInput), Object(Symfony\Component\Console\Output\ConsoleOutput))
#31 /home/pablo/desarrollo/laravel-projects/gyb-website/vendor/laravel/framework/src/Illuminate/Foundation/Console/Kernel.php(122): Symfony\Component\Console\Application->run(Object(Symfony\Component\Console\Input\ArgvInput), Object(Symfony\Component\Console\Output\ConsoleOutput))
#32 /home/pablo/desarrollo/laravel-projects/gyb-website/artisan(35): Illuminate\Foundation\Console\Kernel->handle(Object(Symfony\Component\Console\Input\ArgvInput), Object(Symfony\Component\Console\Output\ConsoleOutput))
#33 {main}

Next Illuminate\Database\QueryException: SQLSTATE[HY000] [1045] Access denied for user 'homestead'@'localhost' (using password: YES) (SQL: select max(`batch`) as aggregate from `migrations`) in /home/pablo/desarrollo/laravel-projects/gyb-website/vendor/laravel/framework/src/Illuminate/Database/Connection.php:647
Stack trace:
#0 /home/pablo/desarrollo/laravel-projects/gyb-website/vendor/laravel/framework/src/Illuminate/Database/Connection.php(607): Illuminate\Database\Connection->runQueryCallback('select max(`bat...', Array, Object(Closure))
#1 /home/pablo/desarrollo/laravel-projects/gyb-website/vendor/laravel/framework/src/Illuminate/Database/Connection.php(326): Illuminate\Database\Connection->run('select max(`bat...', Array, Object(Closure))
#2 /home/pablo/desarrollo/laravel-projects/gyb-website/vendor/laravel/framework/src/Illuminate/Database/Query/Builder.php(1711): Illuminate\Database\Connection->select('select max(`bat...', Array, false)
#3 /home/pablo/desarrollo/laravel-projects/gyb-website/vendor/laravel/framework/src/Illuminate/Database/Query/Builder.php(1696): Illuminate\Database\Query\Builder->runSelect()
#4 /home/pablo/desarrollo/laravel-projects/gyb-website/vendor/laravel/framework/src/Illuminate/Database/Query/Builder.php(2031): Illuminate\Database\Query\Builder->get(Array)
#5 /home/pablo/desarrollo/laravel-projects/gyb-website/vendor/laravel/framework/src/Illuminate/Database/Query/Builder.php(1981): Illuminate\Database\Query\Builder->aggregate('max', Array)
#6 /home/pablo/desarrollo/laravel-projects/gyb-website/vendor/laravel/framework/src/Illuminate/Database/Migrations/DatabaseMigrationRepository.php(123): Illuminate\Database\Query\Builder->max('batch')
#7 /home/pablo/desarrollo/laravel-projects/gyb-website/vendor/laravel/framework/src/Illuminate/Database/Migrations/DatabaseMigrationRepository.php(76): Illuminate\Database\Migrations\DatabaseMigrationRepository->getLastBatchNumber()
#8 /home/pablo/desarrollo/laravel-projects/gyb-website/vendor/laravel/framework/src/Illuminate/Database/Migrations/Migrator.php(223): Illuminate\Database\Migrations\DatabaseMigrationRepository->getLast()
#9 /home/pablo/desarrollo/laravel-projects/gyb-website/vendor/laravel/framework/src/Illuminate/Database/Migrations/Migrator.php(201): Illuminate\Database\Migrations\Migrator->getMigrationsForRollback(Array)
#10 /home/pablo/desarrollo/laravel-projects/gyb-website/vendor/laravel/framework/src/Illuminate/Database/Console/Migrations/RollbackCommand.php(63): Illuminate\Database\Migrations\Migrator->rollback(Array, Array)
#11 [internal function]: Illuminate\Database\Console\Migrations\RollbackCommand->fire()
#12 /home/pablo/desarrollo/laravel-projects/gyb-website/vendor/laravel/framework/src/Illuminate/Container/BoundMethod.php(29): call_user_func_array(Array, Array)
#13 /home/pablo/desarrollo/laravel-projects/gyb-website/vendor/laravel/framework/src/Illuminate/Container/BoundMethod.php(87): Illuminate\Container\BoundMethod::Illuminate\Container\{closure}()
#14 /home/pablo/desarrollo/laravel-projects/gyb-website/vendor/laravel/framework/src/Illuminate/Container/BoundMethod.php(31): Illuminate\Container\BoundMethod::callBoundMethod(Object(Illuminate\Foundation\Application), Array, Object(Closure))
#15 /home/pablo/desarrollo/laravel-projects/gyb-website/vendor/laravel/framework/src/Illuminate/Container/Container.php(531): Illuminate\Container\BoundMethod::call(Object(Illuminate\Foundation\Application), Array, Array, NULL)
#16 /home/pablo/desarrollo/laravel-projects/gyb-website/vendor/laravel/framework/src/Illuminate/Console/Command.php(182): Illuminate\Container\Container->call(Array)
#17 /home/pablo/desarrollo/laravel-projects/gyb-website/vendor/symfony/console/Command/Command.php(264): Illuminate\Console\Command->execute(Object(Symfony\Component\Console\Input\ArgvInput), Object(Illuminate\Console\OutputStyle))
#18 /home/pablo/desarrollo/laravel-projects/gyb-website/vendor/laravel/framework/src/Illuminate/Console/Command.php(167): Symfony\Component\Console\Command\Command->run(Object(Symfony\Component\Console\Input\ArgvInput), Object(Illuminate\Console\OutputStyle))
#19 /home/pablo/desarrollo/laravel-projects/gyb-website/vendor/symfony/console/Application.php(835): Illuminate\Console\Command->run(Object(Symfony\Component\Console\Input\ArgvInput), Object(Symfony\Component\Console\Output\ConsoleOutput))
#20 /home/pablo/desarrollo/laravel-projects/gyb-website/vendor/symfony/console/Application.php(200): Symfony\Component\Console\Application->doRunCommand(Object(Illuminate\Database\Console\Migrations\RollbackCommand), Object(Symfony\Component\Console\Input\ArgvInput), Object(Symfony\Component\Console\Output\ConsoleOutput))
#21 /home/pablo/desarrollo/laravel-projects/gyb-website/vendor/symfony/console/Application.php(124): Symfony\Component\Console\Application->doRun(Object(Symfony\Component\Console\Input\ArgvInput), Object(Symfony\Component\Console\Output\ConsoleOutput))
#22 /home/pablo/desarrollo/laravel-projects/gyb-website/vendor/laravel/framework/src/Illuminate/Foundation/Console/Kernel.php(122): Symfony\Component\Console\Application->run(Object(Symfony\Component\Console\Input\ArgvInput), Object(Symfony\Component\Console\Output\ConsoleOutput))
#23 /home/pablo/desarrollo/laravel-projects/gyb-website/artisan(35): Illuminate\Foundation\Console\Kernel->handle(Object(Symfony\Component\Console\Input\ArgvInput), Object(Symfony\Component\Console\Output\ConsoleOutput))
#24 {main}  
